<?xml version="1.0" encoding="UTF-8"?>
<!-- Generated by org.testng.reporters.JUnitReportReporter -->
<testsuite hostname="IN-BAV-L0832" failures="0" tests="1" name="ExtentReports.ExtentReportDemo" time="0.807" errors="0" timestamp="2021-02-19T17:06:13 IST" skipped="0">
  <testcase classname="ExtentReports.ExtentReportDemo" name="loginTest" time="0.807"/>
  <system-out/>
</testsuite> <!-- ExtentReports.ExtentReportDemo -->
