<?xml version="1.0" encoding="UTF-8"?>
<!-- Generated by org.testng.reporters.JUnitReportReporter -->
<testsuite hostname="IN-BAV-L0832" failures="0" tests="1" name="Email.EmailTesting" time="0.006" errors="0" timestamp="2021-02-17T18:43:08 IST" skipped="0">
  <testcase classname="Email.EmailTesting" name="myTest" time="0.006"/>
  <system-out/>
</testsuite> <!-- Email.EmailTesting -->
