<?xml version="1.0" encoding="UTF-8"?>
<!-- Generated by org.testng.reporters.JUnitReportReporter -->
<testsuite hostname="IN-BAV-L0832" failures="0" tests="1" name="HeadlessBrowser.PhantomJs" time="9.724" errors="0" timestamp="2021-02-17T18:43:08 IST" skipped="0">
  <testcase classname="HeadlessBrowser.PhantomJs" name="VerifyTitle" time="9.724"/>
  <system-out/>
</testsuite> <!-- HeadlessBrowser.PhantomJs -->
