<?xml version="1.0" encoding="UTF-8"?>
<!-- Generated by org.testng.reporters.JUnitReportReporter -->
<testsuite hostname="IN-BAV-L0832" failures="0" tests="1" name="TestNGclasses.TestCase1" time="0.012" errors="0" timestamp="2021-02-17T18:43:40 IST" skipped="0">
  <testcase classname="TestNGclasses.TestCase1" name="test1" time="0.012"/>
  <system-out/>
</testsuite> <!-- TestNGclasses.TestCase1 -->
