<?xml version="1.0" encoding="UTF-8"?>
<!-- Generated by org.testng.reporters.JUnitReportReporter -->
<testsuite hostname="IN-BAV-L0832" failures="0" tests="1" name="TestNGclasses.TestCase2" time="0.004" errors="0" timestamp="2021-02-17T18:43:40 IST" skipped="0">
  <testcase classname="TestNGclasses.TestCase2" name="test2" time="0.004"/>
  <system-out/>
</testsuite> <!-- TestNGclasses.TestCase2 -->
